# JRE version: OpenJDK Runtime Environment JBR-11.0.12.7-1504.40-jcef (11.0.12+7) (build 11.0.12+7-b1504.40)
# Java VM: OpenJDK 64-Bit Server VM JBR-11.0.12.7-1504.40-jcef (11.0.12+7-b1504.40, mixed mode, tiered, compressed oops, g1 gc, windows-amd64)
Heap:
 garbage-first heap   total 131072K, used 9709K [0x0000000763c00000, 0x0000000800000000)
  region size 1024K, 4 young (4096K), 0 survivors (0K)
 Metaspace       used 21634K, capacity 22028K, committed 23040K, reserved 1069056K
  class space    used 2185K, capacity 2316K, committed 2560K, reserved 1048576K
GC Heap History (14 events):
Event: 4.276 GC heap before
{Heap before GC invocations=0 (full 0):
 garbage-first heap   total 131072K, used 24576K [0x0000000763c00000, 0x0000000800000000)
  region size 1024K, 24 young (24576K), 0 survivors (0K)
 Metaspace       used 15385K, capacity 15943K, committed 16000K, reserved 1062912K
  class space    used 1628K, capacity 1868K, committed 1920K, reserved 1048576K
}
Event: 4.284 GC heap after
{Heap after GC invocations=1 (full 0):
 garbage-first heap   total 131072K, used 6044K [0x0000000763c00000, 0x0000000800000000)
  region size 1024K, 3 young (3072K), 3 survivors (3072K)
 Metaspace       used 15385K, capacity 15943K, committed 16000K, reserved 1062912K
  class space    used 1628K, capacity 1868K, committed 1920K, reserved 1048576K
}
Event: 5.127 GC heap before
{Heap before GC invocations=1 (full 0):
 garbage-first heap   total 131072K, used 18332K [0x0000000763c00000, 0x0000000800000000)
  region size 1024K, 16 young (16384K), 3 survivors (3072K)
 Metaspace       used 20561K, capacity 21091K, committed 21248K, reserved 1069056K
  class space    used 2200K, capacity 2449K, committed 2560K, reserved 1048576K
}
Event: 5.134 GC heap after
{Heap after GC invocations=2 (full 0):
 garbage-first heap   total 131072K, used 7514K [0x0000000763c00000, 0x0000000800000000)
  region size 1024K, 2 young (2048K), 2 survivors (2048K)
 Metaspace       used 20561K, capacity 21091K, committed 21248K, reserved 1069056K
  class space    used 2200K, capacity 2449K, committed 2560K, reserved 1048576K
}
Event: 3136.297 GC heap before
{Heap before GC invocations=3 (full 0):
 garbage-first heap   total 131072K, used 49498K [0x0000000763c00000, 0x0000000800000000)
  region size 1024K, 43 young (44032K), 2 survivors (2048K)
 Metaspace       used 22143K, capacity 22829K, committed 23040K, reserved 1069056K
  class space    used 2312K, capacity 2560K, committed 2560K, reserved 1048576K
}
Event: 3136.305 GC heap after
{Heap after GC invocations=4 (full 0):
 garbage-first heap   total 131072K, used 7888K [0x0000000763c00000, 0x0000000800000000)
  region size 1024K, 2 young (2048K), 2 survivors (2048K)
 Metaspace       used 22143K, capacity 22829K, committed 23040K, reserved 1069056K
  class space    used 2312K, capacity 2560K, committed 2560K, reserved 1048576K
}
Event: 6736.308 GC heap before
{Heap before GC invocations=4 (full 0):
 garbage-first heap   total 131072K, used 14032K [0x0000000763c00000, 0x0000000800000000)
  region size 1024K, 9 young (9216K), 2 survivors (2048K)
 Metaspace       used 22145K, capacity 22829K, committed 23040K, reserved 1069056K
  class space    used 2312K, capacity 2560K, committed 2560K, reserved 1048576K
}
Event: 6736.381 GC heap after
{Heap after GC invocations=5 (full 1):
 garbage-first heap   total 131072K, used 6687K [0x0000000763c00000, 0x0000000800000000)
  region size 1024K, 0 young (0K), 0 survivors (0K)
 Metaspace       used 21628K, capacity 22028K, committed 23040K, reserved 1069056K
  class space    used 2185K, capacity 2316K, committed 2560K, reserved 1048576K
}
Event: 10336.382 GC heap before
{Heap before GC invocations=5 (full 1):
 garbage-first heap   total 131072K, used 11807K [0x0000000763c00000, 0x0000000800000000)
  region size 1024K, 6 young (6144K), 0 survivors (0K)
 Metaspace       used 21629K, capacity 22028K, committed 23040K, reserved 1069056K
  class space    used 2185K, capacity 2316K, committed 2560K, reserved 1048576K
}
Event: 10336.389 GC heap after
{Heap after GC invocations=6 (full 2):
 garbage-first heap   total 131072K, used 6672K [0x0000000763c00000, 0x0000000800000000)
  region size 1024K, 0 young (0K), 0 survivors (0K)
 Metaspace       used 21629K, capacity 22028K, committed 23040K, reserved 1069056K
  class space    used 2185K, capacity 2316K, committed 2560K, reserved 1048576K
}
Event: 13936.390 GC heap before
{Heap before GC invocations=6 (full 2):
 garbage-first heap   total 131072K, used 11792K [0x0000000763c00000, 0x0000000800000000)
  region size 1024K, 6 young (6144K), 0 survivors (0K)
 Metaspace       used 21634K, capacity 22028K, committed 23040K, reserved 1069056K
  class space    used 2185K, capacity 2316K, committed 2560K, reserved 1048576K
}
Event: 13936.399 GC heap after
{Heap after GC invocations=7 (full 3):
 garbage-first heap   total 131072K, used 6637K [0x0000000763c00000, 0x0000000800000000)
  region size 1024K, 0 young (0K), 0 survivors (0K)
 Metaspace       used 21634K, capacity 22028K, committed 23040K, reserved 1069056K
  class space    used 2185K, capacity 2316K, committed 2560K, reserved 1048576K
}
Event: 17536.400 GC heap before
{Heap before GC invocations=7 (full 3):
 garbage-first heap   total 131072K, used 11757K [0x0000000763c00000, 0x0000000800000000)
  region size 1024K, 6 young (6144K), 0 survivors (0K)
 Metaspace       used 21634K, capacity 22028K, committed 23040K, reserved 1069056K
  class space    used 2185K, capacity 2316K, committed 2560K, reserved 1048576K
}
Event: 17536.424 GC heap after
{Heap after GC invocations=8 (full 4):
 garbage-first heap   total 131072K, used 6637K [0x0000000763c00000, 0x0000000800000000)
  region size 1024K, 0 young (0K), 0 survivors (0K)
 Metaspace       used 21634K, capacity 22028K, committed 23040K, reserved 1069056K
  class space    used 2185K, capacity 2316K, committed 2560K, reserved 1048576K
}

